[10-May-2020 17:49:56] NOTICE: fpm is running, pid 4079
[10-May-2020 17:49:56] NOTICE: ready to handle connections
[10-May-2020 20:43:24] NOTICE: Terminating ...
[10-May-2020 20:43:24] NOTICE: Terminating ...
[10-May-2020 20:43:24] NOTICE: exiting, bye-bye!
[10-May-2020 20:43:26] NOTICE: fpm is running, pid 6345
[10-May-2020 20:43:26] NOTICE: ready to handle connections
[10-May-2020 21:02:17] NOTICE: Terminating ...
[10-May-2020 21:02:17] NOTICE: Terminating ...
[10-May-2020 21:02:17] NOTICE: exiting, bye-bye!
[10-May-2020 21:03:51] NOTICE: fpm is running, pid 7108
[10-May-2020 21:03:51] NOTICE: ready to handle connections
[10-May-2020 21:04:08] NOTICE: Terminating ...
[10-May-2020 21:04:08] NOTICE: Terminating ...
[10-May-2020 21:04:08] NOTICE: exiting, bye-bye!
[10-May-2020 21:04:34] NOTICE: fpm is running, pid 7164
[10-May-2020 21:04:34] NOTICE: ready to handle connections
[10-May-2020 21:05:31] NOTICE: Terminating ...
[10-May-2020 21:05:31] NOTICE: Terminating ...
[10-May-2020 21:05:31] NOTICE: exiting, bye-bye!
[10-May-2020 22:03:18] NOTICE: fpm is running, pid 7330
[10-May-2020 22:03:18] NOTICE: ready to handle connections
[10-May-2020 22:15:48] NOTICE: Terminating ...
[10-May-2020 22:15:48] NOTICE: Terminating ...
[10-May-2020 22:15:48] NOTICE: exiting, bye-bye!
[10-May-2020 22:18:11] NOTICE: fpm is running, pid 7786
[10-May-2020 22:18:11] NOTICE: ready to handle connections
[10-May-2020 22:19:24] WARNING: [pool www] child 7791 said into stderr: "NOTICE: PHP message: PHP Warning:  An unexpected error occurred. Something may be wrong with WordPress.org or this server&#8217;s configuration. If you continue to have problems, please try the <a href="https://wordpress.org/support/forums/">support forums</a>. (WordPress could not establish a secure connection to WordPress.org. Please contact your server administrator.) in /Users/sakiyama/Local Sites/bedrock/app/bedrock/web/wp/wp-includes/update.php on line 578"
[10-May-2020 22:19:24] WARNING: [pool www] child 7791 said into stderr: "NOTICE: PHP message: PHP Stack trace:"
[10-May-2020 22:19:24] WARNING: [pool www] child 7791 said into stderr: "NOTICE: PHP message: PHP   1. {main}() /Users/sakiyama/Local Sites/bedrock/app/bedrock/web/wp/wp-admin/themes.php:0"
[10-May-2020 22:19:24] WARNING: [pool www] child 7791 said into stderr: "NOTICE: PHP message: PHP   2. require_once() /Users/sakiyama/Local Sites/bedrock/app/bedrock/web/wp/wp-admin/themes.php:10"
[10-May-2020 22:19:24] WARNING: [pool www] child 7791 said into stderr: "NOTICE: PHP message: PHP   3. do_action() /Users/sakiyama/Local Sites/bedrock/app/bedrock/web/wp/wp-admin/admin.php:367"
[10-May-2020 22:19:24] WARNING: [pool www] child 7791 said into stderr: "NOTICE: PHP message: PHP   4. WP_Hook->do_action() /Users/sakiyama/Local Sites/bedrock/app/bedrock/web/wp/wp-includes/plugin.php:478"
[10-May-2020 22:19:24] WARNING: [pool www] child 7791 said into stderr: "NOTICE: PHP message: PHP   5. WP_Hook->apply_filters() /Users/sakiyama/Local Sites/bedrock/app/bedrock/web/wp/wp-includes/class-wp-hook.php:311"
[10-May-2020 22:19:24] WARNING: [pool www] child 7791 said into stderr: "NOTICE: PHP message: PHP   6. wp_update_themes() /Users/sakiyama/Local Sites/bedrock/app/bedrock/web/wp/wp-includes/class-wp-hook.php:287"
[10-May-2020 22:19:24] WARNING: [pool www] child 7791 said into stderr: "NOTICE: PHP message: PHP   7. trigger_error() /Users/sakiyama/Local Sites/bedrock/app/bedrock/web/wp/wp-includes/update.php:578"
[10-May-2020 22:20:21] NOTICE: Terminating ...
[10-May-2020 22:20:21] NOTICE: Terminating ...
[10-May-2020 22:20:21] NOTICE: exiting, bye-bye!
[10-May-2020 22:29:26] NOTICE: fpm is running, pid 7918
[10-May-2020 22:29:26] NOTICE: ready to handle connections
